<?xml version="1.0" encoding="UTF-8"?>
<!-- Generated by org.testng.reporters.JUnitXMLReporter -->
<testsuite hostname="PC" ignored="0" name="Default test(failed)" tests="2" failures="0" timestamp="18 Apr 2020 17:08:19 GMT" time="82.967" errors="0">
  <testcase name="runScenario" time="43.456" classname="cucumber.api.testng.AbstractTestNGCucumberTests"/>
  <testcase name="runScenario" time="38.827" classname="cucumber.api.testng.AbstractTestNGCucumberTests"/>
</testsuite> <!-- Default test(failed) -->
