<?xml version="1.0" encoding="UTF-8"?>
<!-- Generated by org.testng.reporters.JUnitXMLReporter -->
<testsuite hostname="PC" ignored="0" name="bdd" tests="9" failures="9" timestamp="17 Apr 2020 05:41:51 GMT" time="0.98" errors="0">
  <testcase name="runScenario" time="0.042" classname="cucumber.api.testng.AbstractTestNGCucumberTests">
    <failure type="java.lang.NullPointerException">
      <![CDATA[java.lang.NullPointerException
at cucumber.runtime.formatter.TestSourcesModel.isScenarioOutlineScenario(TestSourcesModel.java:50)
at cucumber.runtime.formatter.PrettyFormatter.handleScenarioOutline(PrettyFormatter.java:170)
at cucumber.runtime.formatter.PrettyFormatter.handleTestCaseStarted(PrettyFormatter.java:124)
at cucumber.runtime.formatter.PrettyFormatter.access$100(PrettyFormatter.java:31)
at cucumber.runtime.formatter.PrettyFormatter$4.receive(PrettyFormatter.java:65)
at cucumber.runtime.formatter.PrettyFormatter$4.receive(PrettyFormatter.java:62)
at cucumber.runner.EventBus.send(EventBus.java:28)
at cucumber.api.TestCase.run(TestCase.java:55)
at cucumber.runner.Runner.runPickle(Runner.java:80)
at cucumber.api.testng.TestNGCucumberRunner.runScenario(TestNGCucumberRunner.java:84)
at cucumber.api.testng.AbstractTestNGCucumberTests.runScenario(AbstractTestNGCucumberTests.java:22)
at java.util.concurrent.FutureTask.run(Unknown Source)
at java.util.concurrent.Executors$RunnableAdapter.call(Unknown Source)
at java.util.concurrent.FutureTask.run(Unknown Source)
at java.util.concurrent.ThreadPoolExecutor.runWorker(Unknown Source)
at java.util.concurrent.ThreadPoolExecutor$Worker.run(Unknown Source)
at java.lang.Thread.run(Unknown Source)
... Removed 9 stack frames]]>
    </failure>
  </testcase> <!-- runScenario -->
  <testcase name="runScenario" time="0.058" classname="cucumber.api.testng.AbstractTestNGCucumberTests">
    <failure type="java.lang.NullPointerException">
      <![CDATA[java.lang.NullPointerException
at cucumber.runtime.formatter.TestSourcesModel.isScenarioOutlineScenario(TestSourcesModel.java:50)
at cucumber.runtime.formatter.HTMLFormatter.handleScenarioOutline(HTMLFormatter.java:244)
at cucumber.runtime.formatter.HTMLFormatter.handleTestCaseStarted(HTMLFormatter.java:153)
at cucumber.runtime.formatter.HTMLFormatter.access$100(HTMLFormatter.java:52)
at cucumber.runtime.formatter.HTMLFormatter$3.receive(HTMLFormatter.java:88)
at cucumber.runtime.formatter.HTMLFormatter$3.receive(HTMLFormatter.java:85)
at cucumber.runner.EventBus.send(EventBus.java:28)
at cucumber.api.TestCase.run(TestCase.java:55)
at cucumber.runner.Runner.runPickle(Runner.java:80)
at cucumber.api.testng.TestNGCucumberRunner.runScenario(TestNGCucumberRunner.java:84)
at cucumber.api.testng.AbstractTestNGCucumberTests.runScenario(AbstractTestNGCucumberTests.java:22)
at java.util.concurrent.FutureTask.run(Unknown Source)
at java.util.concurrent.Executors$RunnableAdapter.call(Unknown Source)
at java.util.concurrent.FutureTask.run(Unknown Source)
at java.util.concurrent.ThreadPoolExecutor.runWorker(Unknown Source)
at java.util.concurrent.ThreadPoolExecutor$Worker.run(Unknown Source)
at java.lang.Thread.run(Unknown Source)
... Removed 9 stack frames]]>
    </failure>
  </testcase> <!-- runScenario -->
  <testcase name="runScenario" time="0.276" classname="cucumber.api.testng.AbstractTestNGCucumberTests">
    <failure type="org.testng.TestNGException" message="java.util.concurrent.ExecutionException: java.lang.NullPointerException">
      <![CDATA[org.testng.TestNGException: java.util.concurrent.ExecutionException: java.lang.NullPointerException
Caused by: java.util.concurrent.ExecutionException: java.lang.NullPointerException
at java.util.concurrent.FutureTask.report(Unknown Source)
at java.util.concurrent.FutureTask.get(Unknown Source)
... 18 more
Caused by: java.lang.NullPointerException
at resources.TestBase.TakesSnapshot(TestBase.java:61)
at com.listeners.TestNGListeners.onTestFailure(TestNGListeners.java:31)
at java.util.concurrent.FutureTask.run(Unknown Source)
at java.util.concurrent.Executors$RunnableAdapter.call(Unknown Source)
at java.util.concurrent.FutureTask.run(Unknown Source)
at java.util.concurrent.ThreadPoolExecutor.runWorker(Unknown Source)
at java.util.concurrent.ThreadPoolExecutor$Worker.run(Unknown Source)
at java.lang.Thread.run(Unknown Source)
... Removed 26 stack frames]]>
    </failure>
  </testcase> <!-- runScenario -->
  <testcase name="runScenario" time="0.047" classname="cucumber.api.testng.AbstractTestNGCucumberTests">
    <failure type="java.lang.RuntimeException" message="java.io.IOException: Stream closed">
      <![CDATA[java.lang.RuntimeException: java.io.IOException: Stream closed
at cucumber.api.formatter.NiceAppendable.append(NiceAppendable.java:24)
at cucumber.runtime.formatter.HTMLFormatter.jsFunctionCall(HTMLFormatter.java:445)
at cucumber.runtime.formatter.HTMLFormatter.handleStartOfFeature(HTMLFormatter.java:213)
at cucumber.runtime.formatter.HTMLFormatter.handleTestCaseStarted(HTMLFormatter.java:152)
at cucumber.runtime.formatter.HTMLFormatter.access$100(HTMLFormatter.java:52)
at cucumber.runtime.formatter.HTMLFormatter$3.receive(HTMLFormatter.java:88)
at cucumber.runtime.formatter.HTMLFormatter$3.receive(HTMLFormatter.java:85)
at cucumber.runner.EventBus.send(EventBus.java:28)
at cucumber.api.TestCase.run(TestCase.java:55)
at cucumber.runner.Runner.runPickle(Runner.java:80)
at cucumber.api.testng.TestNGCucumberRunner.runScenario(TestNGCucumberRunner.java:84)
at cucumber.api.testng.AbstractTestNGCucumberTests.runScenario(AbstractTestNGCucumberTests.java:22)
at java.util.concurrent.FutureTask.run(Unknown Source)
at java.util.concurrent.Executors$RunnableAdapter.call(Unknown Source)
at java.util.concurrent.FutureTask.run(Unknown Source)
at java.util.concurrent.ThreadPoolExecutor.runWorker(Unknown Source)
at java.util.concurrent.ThreadPoolExecutor$Worker.run(Unknown Source)
at java.lang.Thread.run(Unknown Source)
Caused by: java.io.IOException: Stream closed
at sun.nio.cs.StreamEncoder.ensureOpen(Unknown Source)
at sun.nio.cs.StreamEncoder.write(Unknown Source)
at sun.nio.cs.StreamEncoder.write(Unknown Source)
at java.io.OutputStreamWriter.write(Unknown Source)
at java.io.Writer.write(Unknown Source)
at java.io.Writer.append(Unknown Source)
at java.io.Writer.append(Unknown Source)
at cucumber.api.formatter.NiceAppendable.append(NiceAppendable.java:20)
... 26 more
... Removed 9 stack frames]]>
    </failure>
  </testcase> <!-- runScenario -->
  <testcase name="runScenario" time="0.063" classname="cucumber.api.testng.AbstractTestNGCucumberTests">
    <failure type="java.lang.RuntimeException" message="java.io.IOException: Stream closed">
      <![CDATA[java.lang.RuntimeException: java.io.IOException: Stream closed
at cucumber.api.formatter.NiceAppendable.append(NiceAppendable.java:24)
at cucumber.runtime.formatter.HTMLFormatter.jsFunctionCall(HTMLFormatter.java:445)
at cucumber.runtime.formatter.HTMLFormatter.handleTestCaseStarted(HTMLFormatter.java:156)
at cucumber.runtime.formatter.HTMLFormatter.access$100(HTMLFormatter.java:52)
at cucumber.runtime.formatter.HTMLFormatter$3.receive(HTMLFormatter.java:88)
at cucumber.runtime.formatter.HTMLFormatter$3.receive(HTMLFormatter.java:85)
at cucumber.runner.EventBus.send(EventBus.java:28)
at cucumber.api.TestCase.run(TestCase.java:55)
at cucumber.runner.Runner.runPickle(Runner.java:80)
at cucumber.api.testng.TestNGCucumberRunner.runScenario(TestNGCucumberRunner.java:84)
at cucumber.api.testng.AbstractTestNGCucumberTests.runScenario(AbstractTestNGCucumberTests.java:22)
at java.util.concurrent.FutureTask.run(Unknown Source)
at java.util.concurrent.Executors$RunnableAdapter.call(Unknown Source)
at java.util.concurrent.FutureTask.run(Unknown Source)
at java.util.concurrent.ThreadPoolExecutor.runWorker(Unknown Source)
at java.util.concurrent.ThreadPoolExecutor$Worker.run(Unknown Source)
at java.lang.Thread.run(Unknown Source)
Caused by: java.io.IOException: Stream closed
at sun.nio.cs.StreamEncoder.ensureOpen(Unknown Source)
at sun.nio.cs.StreamEncoder.write(Unknown Source)
at sun.nio.cs.StreamEncoder.write(Unknown Source)
at java.io.OutputStreamWriter.write(Unknown Source)
at java.io.Writer.write(Unknown Source)
at java.io.Writer.append(Unknown Source)
at java.io.Writer.append(Unknown Source)
at cucumber.api.formatter.NiceAppendable.append(NiceAppendable.java:20)
... 25 more
... Removed 9 stack frames]]>
    </failure>
  </testcase> <!-- runScenario -->
  <testcase name="runScenario" time="0.016" classname="cucumber.api.testng.AbstractTestNGCucumberTests">
    <failure type="java.lang.RuntimeException" message="java.io.IOException: Stream closed">
      <![CDATA[java.lang.RuntimeException: java.io.IOException: Stream closed
at cucumber.api.formatter.NiceAppendable.append(NiceAppendable.java:24)
at cucumber.runtime.formatter.HTMLFormatter.jsFunctionCall(HTMLFormatter.java:445)
at cucumber.runtime.formatter.HTMLFormatter.handleStartOfFeature(HTMLFormatter.java:213)
at cucumber.runtime.formatter.HTMLFormatter.handleTestCaseStarted(HTMLFormatter.java:152)
at cucumber.runtime.formatter.HTMLFormatter.access$100(HTMLFormatter.java:52)
at cucumber.runtime.formatter.HTMLFormatter$3.receive(HTMLFormatter.java:88)
at cucumber.runtime.formatter.HTMLFormatter$3.receive(HTMLFormatter.java:85)
at cucumber.runner.EventBus.send(EventBus.java:28)
at cucumber.api.TestCase.run(TestCase.java:55)
at cucumber.runner.Runner.runPickle(Runner.java:80)
at cucumber.api.testng.TestNGCucumberRunner.runScenario(TestNGCucumberRunner.java:84)
at cucumber.api.testng.AbstractTestNGCucumberTests.runScenario(AbstractTestNGCucumberTests.java:22)
at java.util.concurrent.FutureTask.run(Unknown Source)
at java.util.concurrent.Executors$RunnableAdapter.call(Unknown Source)
at java.util.concurrent.FutureTask.run(Unknown Source)
at java.util.concurrent.ThreadPoolExecutor.runWorker(Unknown Source)
at java.util.concurrent.ThreadPoolExecutor$Worker.run(Unknown Source)
at java.lang.Thread.run(Unknown Source)
Caused by: java.io.IOException: Stream closed
at sun.nio.cs.StreamEncoder.ensureOpen(Unknown Source)
at sun.nio.cs.StreamEncoder.write(Unknown Source)
at sun.nio.cs.StreamEncoder.write(Unknown Source)
at java.io.OutputStreamWriter.write(Unknown Source)
at java.io.Writer.write(Unknown Source)
at java.io.Writer.append(Unknown Source)
at java.io.Writer.append(Unknown Source)
at cucumber.api.formatter.NiceAppendable.append(NiceAppendable.java:20)
... 26 more
... Removed 9 stack frames]]>
    </failure>
  </testcase> <!-- runScenario -->
  <testcase name="runScenario" time="0.0" classname="cucumber.api.testng.AbstractTestNGCucumberTests">
    <failure type="java.lang.RuntimeException" message="java.io.IOException: Stream closed">
      <![CDATA[java.lang.RuntimeException: java.io.IOException: Stream closed
at cucumber.api.formatter.NiceAppendable.append(NiceAppendable.java:24)
at cucumber.runtime.formatter.HTMLFormatter.jsFunctionCall(HTMLFormatter.java:445)
at cucumber.runtime.formatter.HTMLFormatter.handleScenarioOutline(HTMLFormatter.java:248)
at cucumber.runtime.formatter.HTMLFormatter.handleTestCaseStarted(HTMLFormatter.java:153)
at cucumber.runtime.formatter.HTMLFormatter.access$100(HTMLFormatter.java:52)
at cucumber.runtime.formatter.HTMLFormatter$3.receive(HTMLFormatter.java:88)
at cucumber.runtime.formatter.HTMLFormatter$3.receive(HTMLFormatter.java:85)
at cucumber.runner.EventBus.send(EventBus.java:28)
at cucumber.api.TestCase.run(TestCase.java:55)
at cucumber.runner.Runner.runPickle(Runner.java:80)
at cucumber.api.testng.TestNGCucumberRunner.runScenario(TestNGCucumberRunner.java:84)
at cucumber.api.testng.AbstractTestNGCucumberTests.runScenario(AbstractTestNGCucumberTests.java:22)
at java.util.concurrent.FutureTask.run(Unknown Source)
at java.util.concurrent.Executors$RunnableAdapter.call(Unknown Source)
at java.util.concurrent.FutureTask.run(Unknown Source)
at java.util.concurrent.ThreadPoolExecutor.runWorker(Unknown Source)
at java.util.concurrent.ThreadPoolExecutor$Worker.run(Unknown Source)
at java.lang.Thread.run(Unknown Source)
Caused by: java.io.IOException: Stream closed
at sun.nio.cs.StreamEncoder.ensureOpen(Unknown Source)
at sun.nio.cs.StreamEncoder.write(Unknown Source)
at sun.nio.cs.StreamEncoder.write(Unknown Source)
at java.io.OutputStreamWriter.write(Unknown Source)
at java.io.Writer.write(Unknown Source)
at java.io.Writer.append(Unknown Source)
at java.io.Writer.append(Unknown Source)
at cucumber.api.formatter.NiceAppendable.append(NiceAppendable.java:20)
... 26 more
... Removed 9 stack frames]]>
    </failure>
  </testcase> <!-- runScenario -->
  <testcase name="runScenario" time="0.093" classname="cucumber.api.testng.AbstractTestNGCucumberTests">
    <failure type="java.lang.NullPointerException">
      <![CDATA[java.lang.NullPointerException
at cucumber.runtime.formatter.TestSourcesModel.getFeatureForTestCase(TestSourcesModel.java:29)
at cucumber.runtime.formatter.TestSourcesModel.getBackgroundForTestCase(TestSourcesModel.java:36)
at cucumber.runtime.formatter.TestSourcesModel.hasBackground(TestSourcesModel.java:115)
at cucumber.runtime.formatter.HTMLFormatter.handleTestCaseStarted(HTMLFormatter.java:155)
at cucumber.runtime.formatter.HTMLFormatter.access$100(HTMLFormatter.java:52)
at cucumber.runtime.formatter.HTMLFormatter$3.receive(HTMLFormatter.java:88)
at cucumber.runtime.formatter.HTMLFormatter$3.receive(HTMLFormatter.java:85)
at cucumber.runner.EventBus.send(EventBus.java:28)
at cucumber.api.TestCase.run(TestCase.java:55)
at cucumber.runner.Runner.runPickle(Runner.java:80)
at cucumber.api.testng.TestNGCucumberRunner.runScenario(TestNGCucumberRunner.java:84)
at cucumber.api.testng.AbstractTestNGCucumberTests.runScenario(AbstractTestNGCucumberTests.java:22)
at java.util.concurrent.FutureTask.run(Unknown Source)
at java.util.concurrent.Executors$RunnableAdapter.call(Unknown Source)
at java.util.concurrent.FutureTask.run(Unknown Source)
at java.util.concurrent.ThreadPoolExecutor.runWorker(Unknown Source)
at java.util.concurrent.ThreadPoolExecutor$Worker.run(Unknown Source)
at java.lang.Thread.run(Unknown Source)
... Removed 9 stack frames]]>
    </failure>
  </testcase> <!-- runScenario -->
  <testcase name="runScenario" time="0.0" classname="cucumber.api.testng.AbstractTestNGCucumberTests">
    <failure type="java.lang.RuntimeException" message="java.io.IOException: Stream closed">
      <![CDATA[java.lang.RuntimeException: java.io.IOException: Stream closed
at cucumber.api.formatter.NiceAppendable.append(NiceAppendable.java:24)
at cucumber.runtime.formatter.HTMLFormatter.jsFunctionCall(HTMLFormatter.java:445)
at cucumber.runtime.formatter.HTMLFormatter.handleScenarioOutline(HTMLFormatter.java:248)
at cucumber.runtime.formatter.HTMLFormatter.handleTestCaseStarted(HTMLFormatter.java:153)
at cucumber.runtime.formatter.HTMLFormatter.access$100(HTMLFormatter.java:52)
at cucumber.runtime.formatter.HTMLFormatter$3.receive(HTMLFormatter.java:88)
at cucumber.runtime.formatter.HTMLFormatter$3.receive(HTMLFormatter.java:85)
at cucumber.runner.EventBus.send(EventBus.java:28)
at cucumber.api.TestCase.run(TestCase.java:55)
at cucumber.runner.Runner.runPickle(Runner.java:80)
at cucumber.api.testng.TestNGCucumberRunner.runScenario(TestNGCucumberRunner.java:84)
at cucumber.api.testng.AbstractTestNGCucumberTests.runScenario(AbstractTestNGCucumberTests.java:22)
at java.util.concurrent.FutureTask.run(Unknown Source)
at java.util.concurrent.Executors$RunnableAdapter.call(Unknown Source)
at java.util.concurrent.FutureTask.run(Unknown Source)
at java.util.concurrent.ThreadPoolExecutor.runWorker(Unknown Source)
at java.util.concurrent.ThreadPoolExecutor$Worker.run(Unknown Source)
at java.lang.Thread.run(Unknown Source)
Caused by: java.io.IOException: Stream closed
at sun.nio.cs.StreamEncoder.ensureOpen(Unknown Source)
at sun.nio.cs.StreamEncoder.write(Unknown Source)
at sun.nio.cs.StreamEncoder.write(Unknown Source)
at java.io.OutputStreamWriter.write(Unknown Source)
at java.io.Writer.write(Unknown Source)
at java.io.Writer.append(Unknown Source)
at java.io.Writer.append(Unknown Source)
at cucumber.api.formatter.NiceAppendable.append(NiceAppendable.java:20)
... 26 more
... Removed 9 stack frames]]>
    </failure>
  </testcase> <!-- runScenario -->
  <testcase name="runScenario" time="0.063" classname="cucumber.api.testng.AbstractTestNGCucumberTests">
    <failure type="java.lang.RuntimeException" message="java.io.IOException: Stream closed">
      <![CDATA[java.lang.RuntimeException: java.io.IOException: Stream closed
at cucumber.api.formatter.NiceAppendable.append(NiceAppendable.java:24)
at cucumber.runtime.formatter.HTMLFormatter.jsFunctionCall(HTMLFormatter.java:445)
at cucumber.runtime.formatter.HTMLFormatter.handleTestCaseStarted(HTMLFormatter.java:158)
at cucumber.runtime.formatter.HTMLFormatter.access$100(HTMLFormatter.java:52)
at cucumber.runtime.formatter.HTMLFormatter$3.receive(HTMLFormatter.java:88)
at cucumber.runtime.formatter.HTMLFormatter$3.receive(HTMLFormatter.java:85)
at cucumber.runner.EventBus.send(EventBus.java:28)
at cucumber.api.TestCase.run(TestCase.java:55)
at cucumber.runner.Runner.runPickle(Runner.java:80)
at cucumber.api.testng.TestNGCucumberRunner.runScenario(TestNGCucumberRunner.java:84)
at cucumber.api.testng.AbstractTestNGCucumberTests.runScenario(AbstractTestNGCucumberTests.java:22)
at java.util.concurrent.FutureTask.run(Unknown Source)
at java.util.concurrent.Executors$RunnableAdapter.call(Unknown Source)
at java.util.concurrent.FutureTask.run(Unknown Source)
at java.util.concurrent.ThreadPoolExecutor.runWorker(Unknown Source)
at java.util.concurrent.ThreadPoolExecutor$Worker.run(Unknown Source)
at java.lang.Thread.run(Unknown Source)
Caused by: java.io.IOException: Stream closed
at sun.nio.cs.StreamEncoder.ensureOpen(Unknown Source)
at sun.nio.cs.StreamEncoder.write(Unknown Source)
at sun.nio.cs.StreamEncoder.write(Unknown Source)
at java.io.OutputStreamWriter.write(Unknown Source)
at java.io.Writer.write(Unknown Source)
at java.io.Writer.append(Unknown Source)
at java.io.Writer.append(Unknown Source)
at cucumber.api.formatter.NiceAppendable.append(NiceAppendable.java:20)
... 25 more
... Removed 9 stack frames]]>
    </failure>
  </testcase> <!-- runScenario -->
</testsuite> <!-- bdd -->
