<?xml version="1.0" encoding="UTF-8"?>
<!-- Generated by org.testng.reporters.JUnitXMLReporter -->
<testsuite hostname="PC" ignored="0" name="FirefoxTest" tests="2" failures="2" timestamp="30 May 2020 21:46:34 GMT" time="0.889" errors="0">
  <testcase name="feature" time="0.546" classname="cucumberoptions.TestRunnertravel">
    <failure type="java.lang.NullPointerException">
      <![CDATA[java.lang.NullPointerException
at resources.TestBase.initializeDriver(TestBase.java:37)
at stepDefinations.masterHooks.setUpnewtour(masterHooks.java:66)
]]>
    </failure>
  </testcase> <!-- feature -->
  <testcase name="feature" time="0.57" classname="cucumberoptions.TestRunnertravel">
    <failure type="java.lang.NullPointerException">
      <![CDATA[java.lang.NullPointerException
at resources.TestBase.TakesSnapshot(TestBase.java:66)
at com.listeners.TestNGListeners.onTestFailure(TestNGListeners.java:31)
at java.util.concurrent.ThreadPoolExecutor.runWorker(Unknown Source)
at java.util.concurrent.ThreadPoolExecutor$Worker.run(Unknown Source)
at java.lang.Thread.run(Unknown Source)
... Removed 7 stack frames]]>
    </failure>
  </testcase> <!-- feature -->
</testsuite> <!-- FirefoxTest -->
