<?xml version="1.0" encoding="UTF-8"?>
<!-- Generated by org.testng.reporters.JUnitXMLReporter -->
<testsuite hostname="PC" ignored="0" name="Test firfox" tests="1" failures="0" timestamp="06 Jun 2020 02:39:18 GMT" time="0.357" errors="0">
  <testcase name="@BeforeClass setUpClass" time="0.047" classname="cucumberoptions.TestRunner">
    <failure type="java.lang.NullPointerException">
      <![CDATA[java.lang.NullPointerException
at resources.TestBase.initializeDriver(TestBase.java:75)
at cucumberoptions.TestRunner.setUpClass(TestRunner.java:58)
at java.util.concurrent.FutureTask.run(Unknown Source)
at java.util.concurrent.ThreadPoolExecutor.runWorker(Unknown Source)
at java.util.concurrent.ThreadPoolExecutor$Worker.run(Unknown Source)
at java.lang.Thread.run(Unknown Source)
... Removed 17 stack frames]]>
    </failure>
  </testcase> <!-- @BeforeClass setUpClass -->
  <testcase name="@AfterClass teardownClass" time="0.01" classname="cucumberoptions.TestRunner">
    <failure type="java.lang.NullPointerException">
      <![CDATA[java.lang.NullPointerException
at cucumberoptions.TestRunner.teardownClass(TestRunner.java:78)
at java.util.concurrent.FutureTask.run(Unknown Source)
at java.util.concurrent.ThreadPoolExecutor.runWorker(Unknown Source)
at java.util.concurrent.ThreadPoolExecutor$Worker.run(Unknown Source)
at java.lang.Thread.run(Unknown Source)
... Removed 17 stack frames]]>
    </failure>
  </testcase> <!-- @AfterClass teardownClass -->
  <testcase name="feature" time="0.0" classname="cucumberoptions.TestRunner">
    <skipped/>
  </testcase> <!-- feature -->
</testsuite> <!-- Test firfox -->
