<?xml version="1.0" encoding="UTF-8"?>
<testng-results skipped="0" failed="1" ignored="0" total="2" passed="1">
  <reporter-output>
  </reporter-output>
  <suite name="Default suite" duration-ms="51221" started-at="2021-07-13T06:34:41Z" finished-at="2021-07-13T06:35:33Z">
    <groups>
      <group name="reg">
        <method signature="getrequestTest.getrequestwithobjectMapper()[pri:1, instance:com.mavenproj.getrequestTest@5e0826e7]" name="getrequestwithobjectMapper" class="com.mavenproj.getrequestTest"/>
      </group> <!-- reg -->
      <group name="Smoke">
        <method signature="getrequestTest.getrequestwithobjectMapper()[pri:1, instance:com.mavenproj.getrequestTest@5e0826e7]" name="getrequestwithobjectMapper" class="com.mavenproj.getrequestTest"/>
      </group> <!-- Smoke -->
    </groups>
    <test name="Default test" duration-ms="51221" started-at="2021-07-13T06:34:41Z" finished-at="2021-07-13T06:35:33Z">
      <class name="com.mavenproj.getrequestTest">
        <test-method status="PASS" signature="geturi()[pri:0, instance:com.mavenproj.getrequestTest@5e0826e7]" name="geturi" is-config="true" duration-ms="2702" started-at="2021-07-13T06:34:42Z" finished-at="2021-07-13T06:34:44Z">
          <reporter-output>
          </reporter-output>
        </test-method> <!-- geturi -->
        <test-method status="FAIL" signature="getrequestwithjsonpath()[pri:0, instance:com.mavenproj.getrequestTest@5e0826e7]" name="getrequestwithjsonpath" duration-ms="51" started-at="2021-07-13T06:34:44Z" finished-at="2021-07-13T06:34:44Z">
          <exception class="org.json.simple.parser.ParseException">
            <full-stacktrace>
              <![CDATA[Unexpected character (p) at position 75.
at org.json.simple.parser.Yylex.yylex(Yylex.java:610)
at org.json.simple.parser.JSONParser.nextToken(JSONParser.java:269)
at org.json.simple.parser.JSONParser.parse(JSONParser.java:118)
at org.json.simple.parser.JSONParser.parse(JSONParser.java:92)
at com.mavenproj.getrequestTest.getrequestwithjsonpath(getrequestTest.java:58)
at sun.reflect.NativeMethodAccessorImpl.invoke0(Native Method)
at sun.reflect.NativeMethodAccessorImpl.invoke(Unknown Source)
at sun.reflect.DelegatingMethodAccessorImpl.invoke(Unknown Source)
at java.lang.reflect.Method.invoke(Unknown Source)
at org.testng.internal.MethodInvocationHelper.invokeMethod(MethodInvocationHelper.java:124)
at org.testng.internal.Invoker.invokeMethod(Invoker.java:580)
at org.testng.internal.Invoker.invokeTestMethod(Invoker.java:716)
at org.testng.internal.Invoker.invokeTestMethods(Invoker.java:988)
at org.testng.internal.TestMethodWorker.invokeTestMethods(TestMethodWorker.java:125)
at org.testng.internal.TestMethodWorker.run(TestMethodWorker.java:109)
at org.testng.TestRunner.privateRun(TestRunner.java:648)
at org.testng.TestRunner.run(TestRunner.java:505)
at org.testng.SuiteRunner.runTest(SuiteRunner.java:455)
at org.testng.SuiteRunner.runSequentially(SuiteRunner.java:450)
at org.testng.SuiteRunner.privateRun(SuiteRunner.java:415)
at org.testng.SuiteRunner.run(SuiteRunner.java:364)
at org.testng.SuiteRunnerWorker.runSuite(SuiteRunnerWorker.java:52)
at org.testng.SuiteRunnerWorker.run(SuiteRunnerWorker.java:84)
at org.testng.TestNG.runSuitesSequentially(TestNG.java:1208)
at org.testng.TestNG.runSuitesLocally(TestNG.java:1137)
at org.testng.TestNG.runSuites(TestNG.java:1049)
at org.testng.TestNG.run(TestNG.java:1017)
at org.testng.remote.AbstractRemoteTestNG.run(AbstractRemoteTestNG.java:115)
at org.testng.remote.RemoteTestNG.initAndRun(RemoteTestNG.java:251)
at org.testng.remote.RemoteTestNG.main(RemoteTestNG.java:77)
]]>
            </full-stacktrace>
          </exception> <!-- org.json.simple.parser.ParseException -->
          <reporter-output>
          </reporter-output>
        </test-method> <!-- getrequestwithjsonpath -->
        <test-method status="PASS" signature="geturi()[pri:0, instance:com.mavenproj.getrequestTest@5e0826e7]" name="geturi" is-config="true" duration-ms="2" started-at="2021-07-13T06:34:44Z" finished-at="2021-07-13T06:34:44Z">
          <reporter-output>
          </reporter-output>
        </test-method> <!-- geturi -->
        <test-method status="PASS" signature="getrequestwithobjectMapper()[pri:1, instance:com.mavenproj.getrequestTest@5e0826e7]" name="getrequestwithobjectMapper" duration-ms="48302" started-at="2021-07-13T06:34:44Z" finished-at="2021-07-13T06:35:33Z">
          <reporter-output>
          </reporter-output>
        </test-method> <!-- getrequestwithobjectMapper -->
      </class> <!-- com.mavenproj.getrequestTest -->
    </test> <!-- Default test -->
  </suite> <!-- Default suite -->
</testng-results>
