<?xml version="1.0" encoding="UTF-8"?>
<!-- Generated by org.testng.reporters.JUnitXMLReporter -->
<testsuite hostname="PC" ignored="1" name="Test chrome(failed)" tests="1" failures="1" timestamp="11 Jun 2020 02:04:23 GMT" time="23.48" errors="0">
  <testcase name="feature" time="22.027" classname="cucumberoptions.TestRunner">
    <failure type="junit.framework.AssertionFailedError">
      <![CDATA[junit.framework.AssertionFailedError
at junit.framework.Assert.fail(Assert.java:48)
at junit.framework.Assert.assertTrue(Assert.java:20)
at junit.framework.Assert.assertFalse(Assert.java:34)
at junit.framework.Assert.assertFalse(Assert.java:41)
at pageObjects.userCreation.verfiytheUserCreation(userCreation.java:43)
at stepDefinations.newTour.user_created(newTour.java:74)
at ✽.User created"mercury3"(file:///C:/selenium/mavenproj/src/test/java/features/newtoursAssignment.feature:11)
]]>
    </failure>
  </testcase> <!-- feature -->
  <testcase name="runScenario" time="0.0" classname="io.cucumber.testng.AbstractTestNGCucumberTests">
    <ignored/>
  </testcase> <!-- runScenario -->
</testsuite> <!-- Test chrome(failed) -->
