<?xml version="1.0" encoding="UTF-8"?>
<!-- Generated by org.testng.reporters.JUnitXMLReporter -->
<testsuite hostname="PC" ignored="1" name="Test chrome1(failed)" tests="2" failures="0" timestamp="11 Jun 2020 02:04:35 GMT" time="34.899" errors="0">
  <testcase name="feature" time="18.523" classname="cucumberoptions.TestRunner"/>
  <testcase name="feature" time="15.041" classname="cucumberoptions.TestRunner"/>
  <testcase name="runScenario" time="0.0" classname="io.cucumber.testng.AbstractTestNGCucumberTests">
    <ignored/>
  </testcase> <!-- runScenario -->
</testsuite> <!-- Test chrome1(failed) -->
